lerna(verbose) GitUtilities.isInitialized    ()
lerna(verbose) GitUtilities.isInitialized    () => true
lerna(verbose) GitUtilities.getTopLevelDirectory()
lerna(verbose) GitUtilities.getTopLevelDirectory() => "D:/Projetos/Truly"
lerna(verbose) FileSystemUtilities.existsSync("D:\\Projetos\\Truly\\lerna.json")
lerna(verbose) FileSystemUtilities.existsSync("D:\\Projetos\\Truly\\lerna.json") => true
lerna(verbose) FileSystemUtilities.readFileSync("D:\\Projetos\\Truly\\lerna.json")
lerna(verbose) FileSystemUtilities.readFileSync("D:\\Projetos\\Truly\\lerna.json") => "{\n  \"lerna\": \"2.0.0-beta.38\",\n  \"packages\": [\n    \"packages/*\"\n  ],\n  \"commands\": {\n    \"publish\": {\n      \"ignore\": [\n        \"ignored-file\",\n        \"*.md\",\n        \"/dist/*\",\n        \"/node_modules/*\"\n      ]\n    }\n  },\n  \"version\": \"0.0.0\"\n}"
lerna(verbose) FileSystemUtilities.existsSync("D:\\Projetos\\Truly\\package.json")
lerna(verbose) FileSystemUtilities.existsSync("D:\\Projetos\\Truly\\package.json") => true
lerna(verbose) FileSystemUtilities.readFileSync("D:\\Projetos\\Truly\\package.json")
lerna(verbose) FileSystemUtilities.readFileSync("D:\\Projetos\\Truly\\package.json") => "{\n  \"name\": \"truly-components\",\n  \"description\": \"An Angular 2 money input that is useful for entering in money values. Atm is just adds commas\",\n  \"main\": \"index.js\",\n  \"license\": \"MIT\",\n  \"devDependencies\": {\n    \"lerna\": \"2.0.0-beta.38\"\n  },\n  \"repository\": {\n    \"type\": \"git\",\n    \"url\": \"git+https://github.com/TemainfoSistemas/truly.git\"\n  },\n  \"keywords\": [],\n  \"author\": \"\",\n  \"bugs\": {\n    \"url\": \"https://github.com/TemainfoSistemas/truly/issues\"\n  }\n}"
lerna(info)    Lerna v2.0.0-beta.38
lerna(verbose) FileSystemUtilities.existsSync("D:\\Projetos\\Truly\\package.json")
lerna(verbose) FileSystemUtilities.existsSync("D:\\Projetos\\Truly\\package.json") => true
lerna(verbose) FileSystemUtilities.existsSync("D:\\Projetos\\Truly\\lerna.json")
lerna(verbose) FileSystemUtilities.existsSync("D:\\Projetos\\Truly\\lerna.json") => true
lerna(verbose) FileSystemUtilities.existsSync("D:\\Projetos\\Truly\\VERSION")
lerna(verbose) FileSystemUtilities.existsSync("D:\\Projetos\\Truly\\VERSION") => false
lerna(info)    Ignoring packages that match 'ignored-file,*.md,/dist/*,/node_modules/*'
lerna(verbose) FileSystemUtilities.existsSync("D:\\Projetos\\Truly\\packages\\autocomplete\\package.json")
lerna(verbose) FileSystemUtilities.existsSync("D:\\Projetos\\Truly\\packages\\autocomplete\\package.json") => true
lerna(verbose) FileSystemUtilities.existsSync("D:\\Projetos\\Truly\\packages\\button\\package.json")
lerna(verbose) FileSystemUtilities.existsSync("D:\\Projetos\\Truly\\packages\\button\\package.json") => true
lerna(verbose) Attempting running PublishCommand.initialize
lerna(verbose) GitUtilities.getCurrentBranchDescription()
lerna(verbose) GitUtilities.getCurrentBranchDescription() => "master"
lerna(info)    Current version: 0.0.0
lerna(info)    Checking for updated packages...
lerna(verbose) GitUtilities.hasTags          ()
lerna(verbose) GitUtilities.hasTags          () => false
lerna(info)    No tags found! Comparing with initial commit.
lerna(info)    Changes:
lerna(info)    - @truly/autocomplete: 0.0.7 => 0.0.1
- @truly/button: 0.0.7 => 0.0.1
lerna(verbose) Successfully ran PublishCommand.initialize
lerna(verbose) Attempting running PublishCommand.execute
lerna(verbose) FileSystemUtilities.writeFileSync("D:\\Projetos\\Truly\\lerna.json", "{\n  \"lerna\": \"2.0.0-beta.38\",\n  \"packages\": [\n    \"pac...)
lerna(verbose) FileSystemUtilities.writeFileSync("D:\\Projetos\\Truly\\lerna.json", "{\n  \"lerna\": \"2.0.0-beta.38\",\n  \"packages\": [\n    \"pac...) => 
lerna(verbose) GitUtilities.addFile          ("D:\\Projetos\\Truly\\lerna.json")
lerna(verbose) GitUtilities.addFile          ("D:\\Projetos\\Truly\\lerna.json") => 
lerna(verbose) FileSystemUtilities.writeFileSync("D:\\Projetos\\Truly\\packages\\autocomplete\\package.json", "{\n  \"name\": \"@truly/autocomplete\"...)
lerna(verbose) FileSystemUtilities.writeFileSync("D:\\Projetos\\Truly\\packages\\autocomplete\\package.json", "{\n  \"name\": \"@truly/autocomplete\"...) => 
lerna(verbose) FileSystemUtilities.writeFileSync("D:\\Projetos\\Truly\\packages\\button\\package.json", "{\n  \"name\": \"@truly/button\",\n  \"versi...)
lerna(verbose) FileSystemUtilities.writeFileSync("D:\\Projetos\\Truly\\packages\\button\\package.json", "{\n  \"name\": \"@truly/button\",\n  \"versi...) => 
lerna(verbose) GitUtilities.addFile          ("D:\\Projetos\\Truly\\packages\\autocomplete\\package.json", 0, ["D:\\Projetos\\Truly\\packages\\aut...)
lerna(verbose) GitUtilities.addFile          ("D:\\Projetos\\Truly\\packages\\autocomplete\\package.json", 0, ["D:\\Projetos\\Truly\\packages\\aut...) => 
lerna(verbose) GitUtilities.addFile          ("D:\\Projetos\\Truly\\packages\\button\\package.json", 1, ["D:\\Projetos\\Truly\\packages\\autocompl...)
lerna(verbose) GitUtilities.addFile          ("D:\\Projetos\\Truly\\packages\\button\\package.json", 1, ["D:\\Projetos\\Truly\\packages\\autocompl...) => 
lerna(verbose) GitUtilities.commit           ("v0.0.1")
lerna(verbose) GitUtilities.commit           ("v0.0.1") => 
lerna(verbose) GitUtilities.addTag           ("v0.0.1")
lerna(verbose) GitUtilities.addTag           ("v0.0.1") => 
lerna(info)    Publishing packages to npm...
lerna(verbose) FileSystemUtilities.existsSync("D:\\Projetos\\Truly\\packages\\autocomplete\\scripts\\prepublish.js")
lerna(verbose) FileSystemUtilities.existsSync("D:\\Projetos\\Truly\\packages\\autocomplete\\scripts\\prepublish.js") => false
lerna(verbose) No prepublish script found at D:\Projetos\Truly\packages\autocomplete\scripts\prepublish.js
lerna(verbose) FileSystemUtilities.existsSync("D:\\Projetos\\Truly\\packages\\button\\scripts\\prepublish.js")
lerna(verbose) FileSystemUtilities.existsSync("D:\\Projetos\\Truly\\packages\\button\\scripts\\prepublish.js") => false
lerna(verbose) No prepublish script found at D:\Projetos\Truly\packages\button\scripts\prepublish.js
lerna(verbose) Publishing @truly/autocomplete...
lerna(verbose) NpmUtilities.publishTaggedInDir("lerna-temp", "D:\\Projetos\\Truly\\packages\\autocomplete", )
lerna(verbose) Publishing @truly/button...
lerna(verbose) NpmUtilities.publishTaggedInDir("lerna-temp", "D:\\Projetos\\Truly\\packages\\button", )
lerna(error)   NpmUtilities.publishTaggedInDir("lerna-temp", "D:\\Projetos\\Truly\\packages\\autocomplete", )
    Error: Command failed: cd "D:\Projetos\Truly\packages\autocomplete" && npm publish --tag lerna-temp
    npm ERR! publish Failed PUT 402
    npm ERR! Windows_NT 10.0.14393
    npm ERR! argv "C:\\Program Files\\nodejs\\node.exe" "C:\\Program Files\\nodejs\\node_modules\\npm\\bin\\npm-cli.js" "publish" "--tag" "lerna-temp"
    npm ERR! node v7.8.0
    npm ERR! npm  v4.2.0
    npm ERR! code E402
    
    npm ERR! You need a paid account to perform this action. For more info, visit: https://www.npmjs.com/private-modules : @truly/autocomplete
    npm ERR! 
    npm ERR! If you need help, you may report this error at:
    npm ERR!     <https://github.com/npm/npm/issues>
    
    npm ERR! Please include the following file with any support request:
    npm ERR!     C:\Users\Maicon\AppData\Roaming\npm-cache\_logs\2017-05-16T21_29_57_583Z-debug.log
    
        at ChildProcess.exithandler (child_process.js:205:12)
        at emitTwo (events.js:106:13)
        at ChildProcess.emit (events.js:194:7)
        at maybeClose (internal/child_process.js:899:16)
        at Process.ChildProcess._handle.onexit (internal/child_process.js:226:5)
lerna(error)   Attempting to retry publishing @truly/autocomplete...
    Error: Command failed: cd "D:\Projetos\Truly\packages\autocomplete" && npm publish --tag lerna-temp
    npm ERR! publish Failed PUT 402
    npm ERR! Windows_NT 10.0.14393
    npm ERR! argv "C:\\Program Files\\nodejs\\node.exe" "C:\\Program Files\\nodejs\\node_modules\\npm\\bin\\npm-cli.js" "publish" "--tag" "lerna-temp"
    npm ERR! node v7.8.0
    npm ERR! npm  v4.2.0
    npm ERR! code E402
    
    npm ERR! You need a paid account to perform this action. For more info, visit: https://www.npmjs.com/private-modules : @truly/autocomplete
    npm ERR! 
    npm ERR! If you need help, you may report this error at:
    npm ERR!     <https://github.com/npm/npm/issues>
    
    npm ERR! Please include the following file with any support request:
    npm ERR!     C:\Users\Maicon\AppData\Roaming\npm-cache\_logs\2017-05-16T21_29_57_583Z-debug.log
    
        at ChildProcess.exithandler (child_process.js:205:12)
        at emitTwo (events.js:106:13)
        at ChildProcess.emit (events.js:194:7)
        at maybeClose (internal/child_process.js:899:16)
        at Process.ChildProcess._handle.onexit (internal/child_process.js:226:5)
lerna(verbose) Publishing @truly/autocomplete...
lerna(verbose) NpmUtilities.publishTaggedInDir("lerna-temp", "D:\\Projetos\\Truly\\packages\\autocomplete", )
lerna(error)   NpmUtilities.publishTaggedInDir("lerna-temp", "D:\\Projetos\\Truly\\packages\\button", )
    Error: Command failed: cd "D:\Projetos\Truly\packages\button" && npm publish --tag lerna-temp
    npm ERR! publish Failed PUT 402
    npm ERR! Windows_NT 10.0.14393
    npm ERR! argv "C:\\Program Files\\nodejs\\node.exe" "C:\\Program Files\\nodejs\\node_modules\\npm\\bin\\npm-cli.js" "publish" "--tag" "lerna-temp"
    npm ERR! node v7.8.0
    npm ERR! npm  v4.2.0
    npm ERR! code E402
    
    npm ERR! You need a paid account to perform this action. For more info, visit: https://www.npmjs.com/private-modules : @truly/button
    npm ERR! 
    npm ERR! If you need help, you may report this error at:
    npm ERR!     <https://github.com/npm/npm/issues>
    
    npm ERR! Please include the following file with any support request:
    npm ERR!     C:\Users\Maicon\AppData\Roaming\npm-cache\_logs\2017-05-16T21_29_58_122Z-debug.log
    
        at ChildProcess.exithandler (child_process.js:205:12)
        at emitTwo (events.js:106:13)
        at ChildProcess.emit (events.js:194:7)
        at maybeClose (internal/child_process.js:899:16)
        at Process.ChildProcess._handle.onexit (internal/child_process.js:226:5)
lerna(error)   Attempting to retry publishing @truly/button...
    Error: Command failed: cd "D:\Projetos\Truly\packages\button" && npm publish --tag lerna-temp
    npm ERR! publish Failed PUT 402
    npm ERR! Windows_NT 10.0.14393
    npm ERR! argv "C:\\Program Files\\nodejs\\node.exe" "C:\\Program Files\\nodejs\\node_modules\\npm\\bin\\npm-cli.js" "publish" "--tag" "lerna-temp"
    npm ERR! node v7.8.0
    npm ERR! npm  v4.2.0
    npm ERR! code E402
    
    npm ERR! You need a paid account to perform this action. For more info, visit: https://www.npmjs.com/private-modules : @truly/button
    npm ERR! 
    npm ERR! If you need help, you may report this error at:
    npm ERR!     <https://github.com/npm/npm/issues>
    
    npm ERR! Please include the following file with any support request:
    npm ERR!     C:\Users\Maicon\AppData\Roaming\npm-cache\_logs\2017-05-16T21_29_58_122Z-debug.log
    
        at ChildProcess.exithandler (child_process.js:205:12)
        at emitTwo (events.js:106:13)
        at ChildProcess.emit (events.js:194:7)
        at maybeClose (internal/child_process.js:899:16)
        at Process.ChildProcess._handle.onexit (internal/child_process.js:226:5)
lerna(verbose) Publishing @truly/button...
lerna(verbose) NpmUtilities.publishTaggedInDir("lerna-temp", "D:\\Projetos\\Truly\\packages\\button", )
lerna(error)   NpmUtilities.publishTaggedInDir("lerna-temp", "D:\\Projetos\\Truly\\packages\\autocomplete", )
    Error: Command failed: cd "D:\Projetos\Truly\packages\autocomplete" && npm publish --tag lerna-temp
    npm ERR! publish Failed PUT 402
    npm ERR! Windows_NT 10.0.14393
    npm ERR! argv "C:\\Program Files\\nodejs\\node.exe" "C:\\Program Files\\nodejs\\node_modules\\npm\\bin\\npm-cli.js" "publish" "--tag" "lerna-temp"
    npm ERR! node v7.8.0
    npm ERR! npm  v4.2.0
    npm ERR! code E402
    
    npm ERR! You need a paid account to perform this action. For more info, visit: https://www.npmjs.com/private-modules : @truly/autocomplete
    npm ERR! 
    npm ERR! If you need help, you may report this error at:
    npm ERR!     <https://github.com/npm/npm/issues>
    
    npm ERR! Please include the following file with any support request:
    npm ERR!     C:\Users\Maicon\AppData\Roaming\npm-cache\_logs\2017-05-16T21_29_59_885Z-debug.log
    
        at ChildProcess.exithandler (child_process.js:205:12)
        at emitTwo (events.js:106:13)
        at ChildProcess.emit (events.js:194:7)
        at maybeClose (internal/child_process.js:899:16)
        at Process.ChildProcess._handle.onexit (internal/child_process.js:226:5)
lerna(error)   Attempting to retry publishing @truly/autocomplete...
    Error: Command failed: cd "D:\Projetos\Truly\packages\autocomplete" && npm publish --tag lerna-temp
    npm ERR! publish Failed PUT 402
    npm ERR! Windows_NT 10.0.14393
    npm ERR! argv "C:\\Program Files\\nodejs\\node.exe" "C:\\Program Files\\nodejs\\node_modules\\npm\\bin\\npm-cli.js" "publish" "--tag" "lerna-temp"
    npm ERR! node v7.8.0
    npm ERR! npm  v4.2.0
    npm ERR! code E402
    
    npm ERR! You need a paid account to perform this action. For more info, visit: https://www.npmjs.com/private-modules : @truly/autocomplete
    npm ERR! 
    npm ERR! If you need help, you may report this error at:
    npm ERR!     <https://github.com/npm/npm/issues>
    
    npm ERR! Please include the following file with any support request:
    npm ERR!     C:\Users\Maicon\AppData\Roaming\npm-cache\_logs\2017-05-16T21_29_59_885Z-debug.log
    
        at ChildProcess.exithandler (child_process.js:205:12)
        at emitTwo (events.js:106:13)
        at ChildProcess.emit (events.js:194:7)
        at maybeClose (internal/child_process.js:899:16)
        at Process.ChildProcess._handle.onexit (internal/child_process.js:226:5)
lerna(verbose) Publishing @truly/autocomplete...
lerna(verbose) NpmUtilities.publishTaggedInDir("lerna-temp", "D:\\Projetos\\Truly\\packages\\autocomplete", )
lerna(error)   NpmUtilities.publishTaggedInDir("lerna-temp", "D:\\Projetos\\Truly\\packages\\button", )
    Error: Command failed: cd "D:\Projetos\Truly\packages\button" && npm publish --tag lerna-temp
    npm ERR! publish Failed PUT 402
    npm ERR! Windows_NT 10.0.14393
    npm ERR! argv "C:\\Program Files\\nodejs\\node.exe" "C:\\Program Files\\nodejs\\node_modules\\npm\\bin\\npm-cli.js" "publish" "--tag" "lerna-temp"
    npm ERR! node v7.8.0
    npm ERR! npm  v4.2.0
    npm ERR! code E402
    
    npm ERR! You need a paid account to perform this action. For more info, visit: https://www.npmjs.com/private-modules : @truly/button
    npm ERR! 
    npm ERR! If you need help, you may report this error at:
    npm ERR!     <https://github.com/npm/npm/issues>
    
    npm ERR! Please include the following file with any support request:
    npm ERR!     C:\Users\Maicon\AppData\Roaming\npm-cache\_logs\2017-05-16T21_30_00_399Z-debug.log
    
        at ChildProcess.exithandler (child_process.js:205:12)
        at emitTwo (events.js:106:13)
        at ChildProcess.emit (events.js:194:7)
        at maybeClose (internal/child_process.js:899:16)
        at Process.ChildProcess._handle.onexit (internal/child_process.js:226:5)
lerna(error)   Attempting to retry publishing @truly/button...
    Error: Command failed: cd "D:\Projetos\Truly\packages\button" && npm publish --tag lerna-temp
    npm ERR! publish Failed PUT 402
    npm ERR! Windows_NT 10.0.14393
    npm ERR! argv "C:\\Program Files\\nodejs\\node.exe" "C:\\Program Files\\nodejs\\node_modules\\npm\\bin\\npm-cli.js" "publish" "--tag" "lerna-temp"
    npm ERR! node v7.8.0
    npm ERR! npm  v4.2.0
    npm ERR! code E402
    
    npm ERR! You need a paid account to perform this action. For more info, visit: https://www.npmjs.com/private-modules : @truly/button
    npm ERR! 
    npm ERR! If you need help, you may report this error at:
    npm ERR!     <https://github.com/npm/npm/issues>
    
    npm ERR! Please include the following file with any support request:
    npm ERR!     C:\Users\Maicon\AppData\Roaming\npm-cache\_logs\2017-05-16T21_30_00_399Z-debug.log
    
        at ChildProcess.exithandler (child_process.js:205:12)
        at emitTwo (events.js:106:13)
        at ChildProcess.emit (events.js:194:7)
        at maybeClose (internal/child_process.js:899:16)
        at Process.ChildProcess._handle.onexit (internal/child_process.js:226:5)
lerna(verbose) Publishing @truly/button...
lerna(verbose) NpmUtilities.publishTaggedInDir("lerna-temp", "D:\\Projetos\\Truly\\packages\\button", )
lerna(error)   NpmUtilities.publishTaggedInDir("lerna-temp", "D:\\Projetos\\Truly\\packages\\autocomplete", )
    Error: Command failed: cd "D:\Projetos\Truly\packages\autocomplete" && npm publish --tag lerna-temp
    npm ERR! publish Failed PUT 402
    npm ERR! Windows_NT 10.0.14393
    npm ERR! argv "C:\\Program Files\\nodejs\\node.exe" "C:\\Program Files\\nodejs\\node_modules\\npm\\bin\\npm-cli.js" "publish" "--tag" "lerna-temp"
    npm ERR! node v7.8.0
    npm ERR! npm  v4.2.0
    npm ERR! code E402
    
    npm ERR! You need a paid account to perform this action. For more info, visit: https://www.npmjs.com/private-modules : @truly/autocomplete
    npm ERR! 
    npm ERR! If you need help, you may report this error at:
    npm ERR!     <https://github.com/npm/npm/issues>
    
    npm ERR! Please include the following file with any support request:
    npm ERR!     C:\Users\Maicon\AppData\Roaming\npm-cache\_logs\2017-05-16T21_30_02_227Z-debug.log
    
        at ChildProcess.exithandler (child_process.js:205:12)
        at emitTwo (events.js:106:13)
        at ChildProcess.emit (events.js:194:7)
        at maybeClose (internal/child_process.js:899:16)
        at Process.ChildProcess._handle.onexit (internal/child_process.js:226:5)
lerna(error)   Attempting to retry publishing @truly/autocomplete...
    Error: Command failed: cd "D:\Projetos\Truly\packages\autocomplete" && npm publish --tag lerna-temp
    npm ERR! publish Failed PUT 402
    npm ERR! Windows_NT 10.0.14393
    npm ERR! argv "C:\\Program Files\\nodejs\\node.exe" "C:\\Program Files\\nodejs\\node_modules\\npm\\bin\\npm-cli.js" "publish" "--tag" "lerna-temp"
    npm ERR! node v7.8.0
    npm ERR! npm  v4.2.0
    npm ERR! code E402
    
    npm ERR! You need a paid account to perform this action. For more info, visit: https://www.npmjs.com/private-modules : @truly/autocomplete
    npm ERR! 
    npm ERR! If you need help, you may report this error at:
    npm ERR!     <https://github.com/npm/npm/issues>
    
    npm ERR! Please include the following file with any support request:
    npm ERR!     C:\Users\Maicon\AppData\Roaming\npm-cache\_logs\2017-05-16T21_30_02_227Z-debug.log
    
        at ChildProcess.exithandler (child_process.js:205:12)
        at emitTwo (events.js:106:13)
        at ChildProcess.emit (events.js:194:7)
        at maybeClose (internal/child_process.js:899:16)
        at Process.ChildProcess._handle.onexit (internal/child_process.js:226:5)
lerna(verbose) Publishing @truly/autocomplete...
lerna(verbose) NpmUtilities.publishTaggedInDir("lerna-temp", "D:\\Projetos\\Truly\\packages\\autocomplete", )
lerna(error)   NpmUtilities.publishTaggedInDir("lerna-temp", "D:\\Projetos\\Truly\\packages\\button", )
    Error: Command failed: cd "D:\Projetos\Truly\packages\button" && npm publish --tag lerna-temp
    npm ERR! publish Failed PUT 402
    npm ERR! Windows_NT 10.0.14393
    npm ERR! argv "C:\\Program Files\\nodejs\\node.exe" "C:\\Program Files\\nodejs\\node_modules\\npm\\bin\\npm-cli.js" "publish" "--tag" "lerna-temp"
    npm ERR! node v7.8.0
    npm ERR! npm  v4.2.0
    npm ERR! code E402
    
    npm ERR! You need a paid account to perform this action. For more info, visit: https://www.npmjs.com/private-modules : @truly/button
    npm ERR! 
    npm ERR! If you need help, you may report this error at:
    npm ERR!     <https://github.com/npm/npm/issues>
    
    npm ERR! Please include the following file with any support request:
    npm ERR!     C:\Users\Maicon\AppData\Roaming\npm-cache\_logs\2017-05-16T21_30_02_686Z-debug.log
    
        at ChildProcess.exithandler (child_process.js:205:12)
        at emitTwo (events.js:106:13)
        at ChildProcess.emit (events.js:194:7)
        at maybeClose (internal/child_process.js:899:16)
        at Process.ChildProcess._handle.onexit (internal/child_process.js:226:5)
lerna(error)   Attempting to retry publishing @truly/button...
    Error: Command failed: cd "D:\Projetos\Truly\packages\button" && npm publish --tag lerna-temp
    npm ERR! publish Failed PUT 402
    npm ERR! Windows_NT 10.0.14393
    npm ERR! argv "C:\\Program Files\\nodejs\\node.exe" "C:\\Program Files\\nodejs\\node_modules\\npm\\bin\\npm-cli.js" "publish" "--tag" "lerna-temp"
    npm ERR! node v7.8.0
    npm ERR! npm  v4.2.0
    npm ERR! code E402
    
    npm ERR! You need a paid account to perform this action. For more info, visit: https://www.npmjs.com/private-modules : @truly/button
    npm ERR! 
    npm ERR! If you need help, you may report this error at:
    npm ERR!     <https://github.com/npm/npm/issues>
    
    npm ERR! Please include the following file with any support request:
    npm ERR!     C:\Users\Maicon\AppData\Roaming\npm-cache\_logs\2017-05-16T21_30_02_686Z-debug.log
    
        at ChildProcess.exithandler (child_process.js:205:12)
        at emitTwo (events.js:106:13)
        at ChildProcess.emit (events.js:194:7)
        at maybeClose (internal/child_process.js:899:16)
        at Process.ChildProcess._handle.onexit (internal/child_process.js:226:5)
lerna(verbose) Publishing @truly/button...
lerna(verbose) NpmUtilities.publishTaggedInDir("lerna-temp", "D:\\Projetos\\Truly\\packages\\button", )
lerna(error)   NpmUtilities.publishTaggedInDir("lerna-temp", "D:\\Projetos\\Truly\\packages\\autocomplete", )
    Error: Command failed: cd "D:\Projetos\Truly\packages\autocomplete" && npm publish --tag lerna-temp
    npm ERR! publish Failed PUT 402
    npm ERR! Windows_NT 10.0.14393
    npm ERR! argv "C:\\Program Files\\nodejs\\node.exe" "C:\\Program Files\\nodejs\\node_modules\\npm\\bin\\npm-cli.js" "publish" "--tag" "lerna-temp"
    npm ERR! node v7.8.0
    npm ERR! npm  v4.2.0
    npm ERR! code E402
    
    npm ERR! You need a paid account to perform this action. For more info, visit: https://www.npmjs.com/private-modules : @truly/autocomplete
    npm ERR! 
    npm ERR! If you need help, you may report this error at:
    npm ERR!     <https://github.com/npm/npm/issues>
    
    npm ERR! Please include the following file with any support request:
    npm ERR!     C:\Users\Maicon\AppData\Roaming\npm-cache\_logs\2017-05-16T21_30_04_561Z-debug.log
    
        at ChildProcess.exithandler (child_process.js:205:12)
        at emitTwo (events.js:106:13)
        at ChildProcess.emit (events.js:194:7)
        at maybeClose (internal/child_process.js:899:16)
        at Process.ChildProcess._handle.onexit (internal/child_process.js:226:5)
lerna(error)   Attempting to retry publishing @truly/autocomplete...
    Error: Command failed: cd "D:\Projetos\Truly\packages\autocomplete" && npm publish --tag lerna-temp
    npm ERR! publish Failed PUT 402
    npm ERR! Windows_NT 10.0.14393
    npm ERR! argv "C:\\Program Files\\nodejs\\node.exe" "C:\\Program Files\\nodejs\\node_modules\\npm\\bin\\npm-cli.js" "publish" "--tag" "lerna-temp"
    npm ERR! node v7.8.0
    npm ERR! npm  v4.2.0
    npm ERR! code E402
    
    npm ERR! You need a paid account to perform this action. For more info, visit: https://www.npmjs.com/private-modules : @truly/autocomplete
    npm ERR! 
    npm ERR! If you need help, you may report this error at:
    npm ERR!     <https://github.com/npm/npm/issues>
    
    npm ERR! Please include the following file with any support request:
    npm ERR!     C:\Users\Maicon\AppData\Roaming\npm-cache\_logs\2017-05-16T21_30_04_561Z-debug.log
    
        at ChildProcess.exithandler (child_process.js:205:12)
        at emitTwo (events.js:106:13)
        at ChildProcess.emit (events.js:194:7)
        at maybeClose (internal/child_process.js:899:16)
        at Process.ChildProcess._handle.onexit (internal/child_process.js:226:5)
lerna(verbose) Publishing @truly/autocomplete...
lerna(verbose) NpmUtilities.publishTaggedInDir("lerna-temp", "D:\\Projetos\\Truly\\packages\\autocomplete", )
lerna(error)   NpmUtilities.publishTaggedInDir("lerna-temp", "D:\\Projetos\\Truly\\packages\\button", )
    Error: Command failed: cd "D:\Projetos\Truly\packages\button" && npm publish --tag lerna-temp
    npm ERR! publish Failed PUT 402
    npm ERR! Windows_NT 10.0.14393
    npm ERR! argv "C:\\Program Files\\nodejs\\node.exe" "C:\\Program Files\\nodejs\\node_modules\\npm\\bin\\npm-cli.js" "publish" "--tag" "lerna-temp"
    npm ERR! node v7.8.0
    npm ERR! npm  v4.2.0
    npm ERR! code E402
    
    npm ERR! You need a paid account to perform this action. For more info, visit: https://www.npmjs.com/private-modules : @truly/button
    npm ERR! 
    npm ERR! If you need help, you may report this error at:
    npm ERR!     <https://github.com/npm/npm/issues>
    
    npm ERR! Please include the following file with any support request:
    npm ERR!     C:\Users\Maicon\AppData\Roaming\npm-cache\_logs\2017-05-16T21_30_05_107Z-debug.log
    
        at ChildProcess.exithandler (child_process.js:205:12)
        at emitTwo (events.js:106:13)
        at ChildProcess.emit (events.js:194:7)
        at maybeClose (internal/child_process.js:899:16)
        at Process.ChildProcess._handle.onexit (internal/child_process.js:226:5)
lerna(error)   Attempting to retry publishing @truly/button...
    Error: Command failed: cd "D:\Projetos\Truly\packages\button" && npm publish --tag lerna-temp
    npm ERR! publish Failed PUT 402
    npm ERR! Windows_NT 10.0.14393
    npm ERR! argv "C:\\Program Files\\nodejs\\node.exe" "C:\\Program Files\\nodejs\\node_modules\\npm\\bin\\npm-cli.js" "publish" "--tag" "lerna-temp"
    npm ERR! node v7.8.0
    npm ERR! npm  v4.2.0
    npm ERR! code E402
    
    npm ERR! You need a paid account to perform this action. For more info, visit: https://www.npmjs.com/private-modules : @truly/button
    npm ERR! 
    npm ERR! If you need help, you may report this error at:
    npm ERR!     <https://github.com/npm/npm/issues>
    
    npm ERR! Please include the following file with any support request:
    npm ERR!     C:\Users\Maicon\AppData\Roaming\npm-cache\_logs\2017-05-16T21_30_05_107Z-debug.log
    
        at ChildProcess.exithandler (child_process.js:205:12)
        at emitTwo (events.js:106:13)
        at ChildProcess.emit (events.js:194:7)
        at maybeClose (internal/child_process.js:899:16)
        at Process.ChildProcess._handle.onexit (internal/child_process.js:226:5)
lerna(verbose) Publishing @truly/button...
lerna(verbose) NpmUtilities.publishTaggedInDir("lerna-temp", "D:\\Projetos\\Truly\\packages\\button", )
lerna(error)   NpmUtilities.publishTaggedInDir("lerna-temp", "D:\\Projetos\\Truly\\packages\\autocomplete", )
    Error: Command failed: cd "D:\Projetos\Truly\packages\autocomplete" && npm publish --tag lerna-temp
    npm ERR! publish Failed PUT 402
    npm ERR! Windows_NT 10.0.14393
    npm ERR! argv "C:\\Program Files\\nodejs\\node.exe" "C:\\Program Files\\nodejs\\node_modules\\npm\\bin\\npm-cli.js" "publish" "--tag" "lerna-temp"
    npm ERR! node v7.8.0
    npm ERR! npm  v4.2.0
    npm ERR! code E402
    
    npm ERR! You need a paid account to perform this action. For more info, visit: https://www.npmjs.com/private-modules : @truly/autocomplete
    npm ERR! 
    npm ERR! If you need help, you may report this error at:
    npm ERR!     <https://github.com/npm/npm/issues>
    
    npm ERR! Please include the following file with any support request:
    npm ERR!     C:\Users\Maicon\AppData\Roaming\npm-cache\_logs\2017-05-16T21_30_06_800Z-debug.log
    
        at ChildProcess.exithandler (child_process.js:205:12)
        at emitTwo (events.js:106:13)
        at ChildProcess.emit (events.js:194:7)
        at maybeClose (internal/child_process.js:899:16)
        at Process.ChildProcess._handle.onexit (internal/child_process.js:226:5)
lerna(error)   Ran out of retries while publishing @truly/autocomplete
    Error: Command failed: cd "D:\Projetos\Truly\packages\autocomplete" && npm publish --tag lerna-temp
    npm ERR! publish Failed PUT 402
    npm ERR! Windows_NT 10.0.14393
    npm ERR! argv "C:\\Program Files\\nodejs\\node.exe" "C:\\Program Files\\nodejs\\node_modules\\npm\\bin\\npm-cli.js" "publish" "--tag" "lerna-temp"
    npm ERR! node v7.8.0
    npm ERR! npm  v4.2.0
    npm ERR! code E402
    
    npm ERR! You need a paid account to perform this action. For more info, visit: https://www.npmjs.com/private-modules : @truly/autocomplete
    npm ERR! 
    npm ERR! If you need help, you may report this error at:
    npm ERR!     <https://github.com/npm/npm/issues>
    
    npm ERR! Please include the following file with any support request:
    npm ERR!     C:\Users\Maicon\AppData\Roaming\npm-cache\_logs\2017-05-16T21_30_06_800Z-debug.log
    
        at ChildProcess.exithandler (child_process.js:205:12)
        at emitTwo (events.js:106:13)
        at ChildProcess.emit (events.js:194:7)
        at maybeClose (internal/child_process.js:899:16)
        at Process.ChildProcess._handle.onexit (internal/child_process.js:226:5)
lerna(error)   Errored while running PublishCommand.execute
